{"C:\\Users\\shavi\\Interent-SecondAssignment\\src\\app.ts": {"path":"C:\\Users\\shavi\\Interent-SecondAssignment\\src\\app.ts","statementMap":{"0":{"start":{"line":1,"column":0},"end":{"line":1,"column":24}},"1":{"start":{"line":2,"column":0},"end":{"line":2,"column":66}},"2":{"start":{"line":3,"column":0},"end":{"line":3,"column":24}},"3":{"start":{"line":4,"column":0},"end":{"line":4,"column":41}},"4":{"start":{"line":5,"column":0},"end":{"line":5,"column":43}},"5":{"start":{"line":7,"column":0},"end":{"line":7,"column":49}},"6":{"start":{"line":8,"column":0},"end":{"line":8,"column":45}},"7":{"start":{"line":9,"column":0},"end":{"line":9,"column":45}},"8":{"start":{"line":10,"column":0},"end":{"line":10,"column":51}},"9":{"start":{"line":11,"column":0},"end":{"line":11,"column":9}},"10":{"start":{"line":116,"column":14},"end":{"line":11,"column":44}},"11":{"start":{"line":13,"column":25},"end":{"line":13,"column":34}},"12":{"start":{"line":116,"column":9},"end":{"line":116,"column":12}},"13":{"start":{"line":14,"column":0},"end":{"line":14,"column":16}},"14":{"start":{"line":15,"column":0},"end":{"line":15,"column":24}},"15":{"start":{"line":18,"column":0},"end":{"line":30,"column":3}},"16":{"start":{"line":19,"column":20},"end":{"line":19,"column":30}},"17":{"start":{"line":20,"column":20},"end":{"line":20,"column":43}},"18":{"start":{"line":22,"column":2},"end":{"line":27,"column":5}},"19":{"start":{"line":23,"column":20},"end":{"line":23,"column":43}},"20":{"start":{"line":24,"column":23},"end":{"line":24,"column":62}},"21":{"start":{"line":25,"column":22},"end":{"line":25,"column":45}},"22":{"start":{"line":26,"column":4},"end":{"line":26,"column":112}},"23":{"start":{"line":29,"column":2},"end":{"line":29,"column":9}},"24":{"start":{"line":32,"column":26},"end":{"line":40,"column":2}},"25":{"start":{"line":42,"column":23},"end":{"line":48,"column":2}},"26":{"start":{"line":50,"column":20},"end":{"line":50,"column":48}},"27":{"start":{"line":52,"column":0},"end":{"line":52,"column":67}},"28":{"start":{"line":106,"column":0},"end":{"line":106,"column":30}},"29":{"start":{"line":107,"column":0},"end":{"line":107,"column":28}},"30":{"start":{"line":108,"column":0},"end":{"line":108,"column":28}},"31":{"start":{"line":109,"column":0},"end":{"line":109,"column":31}},"32":{"start":{"line":112,"column":0},"end":{"line":114,"column":3}},"33":{"start":{"line":113,"column":2},"end":{"line":113,"column":55}}},"fnMap":{"0":{"name":"(anonymous_1)","decl":{"start":{"line":116,"column":14},"end":{"line":116,"column":24}},"loc":{"start":{"line":116,"column":14},"end":{"line":11,"column":44}}},"1":{"name":"(anonymous_2)","decl":{"start":{"line":18,"column":8},"end":{"line":18,"column":9}},"loc":{"start":{"line":18,"column":46},"end":{"line":30,"column":1}}},"2":{"name":"(anonymous_3)","decl":{"start":{"line":22,"column":19},"end":{"line":22,"column":22}},"loc":{"start":{"line":22,"column":24},"end":{"line":27,"column":3}}},"3":{"name":"(anonymous_4)","decl":{"start":{"line":112,"column":8},"end":{"line":112,"column":9}},"loc":{"start":{"line":112,"column":40},"end":{"line":114,"column":1}}}},"branchMap":{},"s":{"0":2,"1":2,"2":2,"3":2,"4":2,"5":2,"6":2,"7":2,"8":2,"9":2,"10":2,"11":2,"12":2,"13":2,"14":2,"15":2,"16":325,"17":325,"18":325,"19":325,"20":325,"21":325,"22":325,"23":325,"24":2,"25":2,"26":2,"27":2,"28":2,"29":2,"30":2,"31":2,"32":2,"33":2},"f":{"0":0,"1":325,"2":325,"3":2},"b":{}}
,"C:\\Users\\shavi\\Interent-SecondAssignment\\src\\controllers\\commentsController.ts": {"path":"C:\\Users\\shavi\\Interent-SecondAssignment\\src\\controllers\\commentsController.ts","statementMap":{"0":{"start":{"line":2,"column":0},"end":{"line":2,"column":40}},"1":{"start":{"line":3,"column":0},"end":{"line":3,"column":34}},"2":{"start":{"line":5,"column":29},"end":{"line":44,"column":1}},"3":{"start":{"line":6,"column":2},"end":{"line":43,"column":3}},"4":{"start":{"line":7,"column":33},"end":{"line":7,"column":41}},"5":{"start":{"line":9,"column":4},"end":{"line":12,"column":5}},"6":{"start":{"line":10,"column":6},"end":{"line":10,"column":76}},"7":{"start":{"line":11,"column":6},"end":{"line":11,"column":13}},"8":{"start":{"line":14,"column":4},"end":{"line":17,"column":5}},"9":{"start":{"line":15,"column":6},"end":{"line":15,"column":56}},"10":{"start":{"line":16,"column":6},"end":{"line":16,"column":13}},"11":{"start":{"line":19,"column":17},"end":{"line":19,"column":45}},"12":{"start":{"line":20,"column":4},"end":{"line":23,"column":5}},"13":{"start":{"line":21,"column":6},"end":{"line":21,"column":58}},"14":{"start":{"line":22,"column":6},"end":{"line":22,"column":13}},"15":{"start":{"line":25,"column":20},"end":{"line":29,"column":6}},"16":{"start":{"line":31,"column":4},"end":{"line":31,"column":25}},"17":{"start":{"line":33,"column":4},"end":{"line":39,"column":7}},"18":{"start":{"line":41,"column":4},"end":{"line":41,"column":52}},"19":{"start":{"line":42,"column":4},"end":{"line":42,"column":63}},"20":{"start":{"line":5,"column":13},"end":{"line":5,"column":29}},"21":{"start":{"line":46,"column":26},"end":{"line":66,"column":1}},"22":{"start":{"line":47,"column":2},"end":{"line":65,"column":3}},"23":{"start":{"line":48,"column":20},"end":{"line":48,"column":65}},"24":{"start":{"line":50,"column":4},"end":{"line":53,"column":5}},"25":{"start":{"line":51,"column":6},"end":{"line":51,"column":61}},"26":{"start":{"line":52,"column":6},"end":{"line":52,"column":13}},"27":{"start":{"line":55,"column":4},"end":{"line":61,"column":7}},"28":{"start":{"line":63,"column":4},"end":{"line":63,"column":49}},"29":{"start":{"line":64,"column":4},"end":{"line":64,"column":63}},"30":{"start":{"line":46,"column":13},"end":{"line":46,"column":26}},"31":{"start":{"line":68,"column":29},"end":{"line":107,"column":1}},"32":{"start":{"line":69,"column":2},"end":{"line":106,"column":3}},"33":{"start":{"line":70,"column":4},"end":{"line":73,"column":5}},"34":{"start":{"line":71,"column":6},"end":{"line":71,"column":56}},"35":{"start":{"line":72,"column":6},"end":{"line":72,"column":13}},"36":{"start":{"line":75,"column":20},"end":{"line":75,"column":65}},"37":{"start":{"line":77,"column":4},"end":{"line":80,"column":5}},"38":{"start":{"line":78,"column":6},"end":{"line":78,"column":61}},"39":{"start":{"line":79,"column":6},"end":{"line":79,"column":13}},"40":{"start":{"line":82,"column":4},"end":{"line":85,"column":5}},"41":{"start":{"line":83,"column":6},"end":{"line":83,"column":53}},"42":{"start":{"line":84,"column":6},"end":{"line":84,"column":13}},"43":{"start":{"line":87,"column":24},"end":{"line":87,"column":32}},"44":{"start":{"line":88,"column":4},"end":{"line":91,"column":5}},"45":{"start":{"line":89,"column":6},"end":{"line":89,"column":63}},"46":{"start":{"line":90,"column":6},"end":{"line":90,"column":13}},"47":{"start":{"line":93,"column":4},"end":{"line":93,"column":30}},"48":{"start":{"line":94,"column":4},"end":{"line":94,"column":25}},"49":{"start":{"line":96,"column":4},"end":{"line":102,"column":7}},"50":{"start":{"line":104,"column":4},"end":{"line":104,"column":52}},"51":{"start":{"line":105,"column":4},"end":{"line":105,"column":63}},"52":{"start":{"line":68,"column":13},"end":{"line":68,"column":29}},"53":{"start":{"line":109,"column":29},"end":{"line":134,"column":1}},"54":{"start":{"line":110,"column":2},"end":{"line":133,"column":3}},"55":{"start":{"line":111,"column":4},"end":{"line":114,"column":5}},"56":{"start":{"line":112,"column":6},"end":{"line":112,"column":56}},"57":{"start":{"line":113,"column":6},"end":{"line":113,"column":13}},"58":{"start":{"line":116,"column":20},"end":{"line":116,"column":65}},"59":{"start":{"line":118,"column":4},"end":{"line":121,"column":5}},"60":{"start":{"line":119,"column":6},"end":{"line":119,"column":61}},"61":{"start":{"line":120,"column":6},"end":{"line":120,"column":13}},"62":{"start":{"line":123,"column":4},"end":{"line":126,"column":5}},"63":{"start":{"line":124,"column":6},"end":{"line":124,"column":53}},"64":{"start":{"line":125,"column":6},"end":{"line":125,"column":13}},"65":{"start":{"line":128,"column":4},"end":{"line":128,"column":50}},"66":{"start":{"line":129,"column":4},"end":{"line":129,"column":27}},"67":{"start":{"line":131,"column":4},"end":{"line":131,"column":52}},"68":{"start":{"line":132,"column":4},"end":{"line":132,"column":63}},"69":{"start":{"line":109,"column":13},"end":{"line":109,"column":29}},"70":{"start":{"line":136,"column":34},"end":{"line":153,"column":1}},"71":{"start":{"line":137,"column":2},"end":{"line":152,"column":3}},"72":{"start":{"line":138,"column":21},"end":{"line":138,"column":30}},"73":{"start":{"line":139,"column":18},"end":{"line":139,"column":47}},"74":{"start":{"line":140,"column":21},"end":{"line":140,"column":70}},"75":{"start":{"line":142,"column":4},"end":{"line":148,"column":9}},"76":{"start":{"line":142,"column":34},"end":{"line":148,"column":6}},"77":{"start":{"line":150,"column":4},"end":{"line":150,"column":57}},"78":{"start":{"line":151,"column":4},"end":{"line":151,"column":63}},"79":{"start":{"line":136,"column":13},"end":{"line":136,"column":34}}},"fnMap":{"0":{"name":"(anonymous_1)","decl":{"start":{"line":5,"column":29},"end":{"line":5,"column":34}},"loc":{"start":{"line":5,"column":82},"end":{"line":44,"column":1}}},"1":{"name":"(anonymous_2)","decl":{"start":{"line":46,"column":26},"end":{"line":46,"column":31}},"loc":{"start":{"line":46,"column":79},"end":{"line":66,"column":1}}},"2":{"name":"(anonymous_3)","decl":{"start":{"line":68,"column":29},"end":{"line":68,"column":34}},"loc":{"start":{"line":68,"column":82},"end":{"line":107,"column":1}}},"3":{"name":"(anonymous_4)","decl":{"start":{"line":109,"column":29},"end":{"line":109,"column":34}},"loc":{"start":{"line":109,"column":82},"end":{"line":134,"column":1}}},"4":{"name":"(anonymous_5)","decl":{"start":{"line":136,"column":34},"end":{"line":136,"column":39}},"loc":{"start":{"line":136,"column":87},"end":{"line":153,"column":1}}},"5":{"name":"(anonymous_6)","decl":{"start":{"line":142,"column":26},"end":{"line":142,"column":27}},"loc":{"start":{"line":142,"column":34},"end":{"line":148,"column":6}}}},"branchMap":{"0":{"loc":{"start":{"line":9,"column":4},"end":{"line":12,"column":5}},"type":"if","locations":[{"start":{"line":9,"column":4},"end":{"line":12,"column":5}}]},"1":{"loc":{"start":{"line":9,"column":8},"end":{"line":9,"column":28}},"type":"binary-expr","locations":[{"start":{"line":9,"column":8},"end":{"line":9,"column":16}},{"start":{"line":9,"column":20},"end":{"line":9,"column":28}}]},"2":{"loc":{"start":{"line":14,"column":4},"end":{"line":17,"column":5}},"type":"if","locations":[{"start":{"line":14,"column":4},"end":{"line":17,"column":5}}]},"3":{"loc":{"start":{"line":20,"column":4},"end":{"line":23,"column":5}},"type":"if","locations":[{"start":{"line":20,"column":4},"end":{"line":23,"column":5}}]},"4":{"loc":{"start":{"line":50,"column":4},"end":{"line":53,"column":5}},"type":"if","locations":[{"start":{"line":50,"column":4},"end":{"line":53,"column":5}}]},"5":{"loc":{"start":{"line":70,"column":4},"end":{"line":73,"column":5}},"type":"if","locations":[{"start":{"line":70,"column":4},"end":{"line":73,"column":5}}]},"6":{"loc":{"start":{"line":77,"column":4},"end":{"line":80,"column":5}},"type":"if","locations":[{"start":{"line":77,"column":4},"end":{"line":80,"column":5}}]},"7":{"loc":{"start":{"line":82,"column":4},"end":{"line":85,"column":5}},"type":"if","locations":[{"start":{"line":82,"column":4},"end":{"line":85,"column":5}}]},"8":{"loc":{"start":{"line":88,"column":4},"end":{"line":91,"column":5}},"type":"if","locations":[{"start":{"line":88,"column":4},"end":{"line":91,"column":5}}]},"9":{"loc":{"start":{"line":111,"column":4},"end":{"line":114,"column":5}},"type":"if","locations":[{"start":{"line":111,"column":4},"end":{"line":114,"column":5}}]},"10":{"loc":{"start":{"line":118,"column":4},"end":{"line":121,"column":5}},"type":"if","locations":[{"start":{"line":118,"column":4},"end":{"line":121,"column":5}}]},"11":{"loc":{"start":{"line":123,"column":4},"end":{"line":126,"column":5}},"type":"if","locations":[{"start":{"line":123,"column":4},"end":{"line":126,"column":5}}]},"12":{"loc":{"start":{"line":139,"column":18},"end":{"line":139,"column":47}},"type":"cond-expr","locations":[{"start":{"line":139,"column":25},"end":{"line":139,"column":42}},{"start":{"line":139,"column":45},"end":{"line":139,"column":47}}]}},"s":{"0":2,"1":2,"2":2,"3":21,"4":21,"5":21,"6":3,"7":3,"8":18,"9":0,"10":0,"11":18,"12":18,"13":2,"14":2,"15":16,"16":16,"17":16,"18":0,"19":0,"20":2,"21":2,"22":3,"23":3,"24":2,"25":1,"26":1,"27":1,"28":1,"29":1,"30":2,"31":2,"32":2,"33":2,"34":0,"35":0,"36":2,"37":2,"38":0,"39":0,"40":2,"41":1,"42":1,"43":1,"44":1,"45":0,"46":0,"47":1,"48":1,"49":1,"50":0,"51":0,"52":2,"53":2,"54":2,"55":2,"56":0,"57":0,"58":2,"59":2,"60":0,"61":0,"62":2,"63":1,"64":1,"65":1,"66":1,"67":0,"68":0,"69":2,"70":2,"71":4,"72":4,"73":4,"74":4,"75":4,"76":4,"77":0,"78":0,"79":2},"f":{"0":21,"1":3,"2":2,"3":2,"4":4,"5":4},"b":{"0":[3],"1":[21,19],"2":[0],"3":[2],"4":[1],"5":[0],"6":[0],"7":[1],"8":[0],"9":[0],"10":[0],"11":[1],"12":[2,2]}}
,"C:\\Users\\shavi\\Interent-SecondAssignment\\src\\controllers\\healthController.ts": {"path":"C:\\Users\\shavi\\Interent-SecondAssignment\\src\\controllers\\healthController.ts","statementMap":{"0":{"start":{"line":3,"column":25},"end":{"line":5,"column":1}},"1":{"start":{"line":4,"column":2},"end":{"line":4,"column":29}},"2":{"start":{"line":3,"column":13},"end":{"line":3,"column":25}}},"fnMap":{"0":{"name":"(anonymous_0)","decl":{"start":{"line":3,"column":25},"end":{"line":3,"column":26}},"loc":{"start":{"line":3,"column":63},"end":{"line":5,"column":1}}}},"branchMap":{},"s":{"0":2,"1":1,"2":2},"f":{"0":1},"b":{}}
,"C:\\Users\\shavi\\Interent-SecondAssignment\\src\\controllers\\postsController.ts": {"path":"C:\\Users\\shavi\\Interent-SecondAssignment\\src\\controllers\\postsController.ts","statementMap":{"0":{"start":{"line":2,"column":0},"end":{"line":2,"column":34}},"1":{"start":{"line":4,"column":26},"end":{"line":34,"column":1}},"2":{"start":{"line":5,"column":2},"end":{"line":33,"column":3}},"3":{"start":{"line":6,"column":24},"end":{"line":6,"column":32}},"4":{"start":{"line":8,"column":4},"end":{"line":11,"column":5}},"5":{"start":{"line":9,"column":6},"end":{"line":9,"column":63}},"6":{"start":{"line":10,"column":6},"end":{"line":10,"column":13}},"7":{"start":{"line":13,"column":4},"end":{"line":16,"column":5}},"8":{"start":{"line":14,"column":6},"end":{"line":14,"column":56}},"9":{"start":{"line":15,"column":6},"end":{"line":15,"column":13}},"10":{"start":{"line":18,"column":17},"end":{"line":21,"column":6}},"11":{"start":{"line":23,"column":4},"end":{"line":23,"column":22}},"12":{"start":{"line":24,"column":4},"end":{"line":29,"column":7}},"13":{"start":{"line":31,"column":4},"end":{"line":31,"column":49}},"14":{"start":{"line":32,"column":4},"end":{"line":32,"column":63}},"15":{"start":{"line":4,"column":13},"end":{"line":4,"column":26}},"16":{"start":{"line":36,"column":25},"end":{"line":52,"column":1}},"17":{"start":{"line":37,"column":2},"end":{"line":51,"column":3}},"18":{"start":{"line":38,"column":23},"end":{"line":38,"column":32}},"19":{"start":{"line":39,"column":18},"end":{"line":39,"column":49}},"20":{"start":{"line":40,"column":18},"end":{"line":40,"column":64}},"21":{"start":{"line":42,"column":4},"end":{"line":47,"column":9}},"22":{"start":{"line":42,"column":34},"end":{"line":47,"column":6}},"23":{"start":{"line":49,"column":4},"end":{"line":49,"column":48}},"24":{"start":{"line":50,"column":4},"end":{"line":50,"column":63}},"25":{"start":{"line":36,"column":13},"end":{"line":36,"column":25}},"26":{"start":{"line":54,"column":23},"end":{"line":73,"column":1}},"27":{"start":{"line":55,"column":2},"end":{"line":72,"column":3}},"28":{"start":{"line":56,"column":17},"end":{"line":56,"column":56}},"29":{"start":{"line":58,"column":4},"end":{"line":61,"column":5}},"30":{"start":{"line":59,"column":6},"end":{"line":59,"column":58}},"31":{"start":{"line":60,"column":6},"end":{"line":60,"column":13}},"32":{"start":{"line":63,"column":4},"end":{"line":68,"column":7}},"33":{"start":{"line":70,"column":4},"end":{"line":70,"column":46}},"34":{"start":{"line":71,"column":4},"end":{"line":71,"column":63}},"35":{"start":{"line":54,"column":13},"end":{"line":54,"column":23}},"36":{"start":{"line":75,"column":26},"end":{"line":113,"column":1}},"37":{"start":{"line":76,"column":2},"end":{"line":112,"column":3}},"38":{"start":{"line":77,"column":4},"end":{"line":80,"column":5}},"39":{"start":{"line":78,"column":6},"end":{"line":78,"column":56}},"40":{"start":{"line":79,"column":6},"end":{"line":79,"column":13}},"41":{"start":{"line":82,"column":17},"end":{"line":82,"column":56}},"42":{"start":{"line":84,"column":4},"end":{"line":87,"column":5}},"43":{"start":{"line":85,"column":6},"end":{"line":85,"column":58}},"44":{"start":{"line":86,"column":6},"end":{"line":86,"column":13}},"45":{"start":{"line":89,"column":4},"end":{"line":92,"column":5}},"46":{"start":{"line":90,"column":6},"end":{"line":90,"column":53}},"47":{"start":{"line":91,"column":6},"end":{"line":91,"column":13}},"48":{"start":{"line":94,"column":24},"end":{"line":94,"column":32}},"49":{"start":{"line":95,"column":4},"end":{"line":98,"column":5}},"50":{"start":{"line":96,"column":6},"end":{"line":96,"column":63}},"51":{"start":{"line":97,"column":6},"end":{"line":97,"column":13}},"52":{"start":{"line":100,"column":4},"end":{"line":100,"column":27}},"53":{"start":{"line":101,"column":4},"end":{"line":101,"column":22}},"54":{"start":{"line":103,"column":4},"end":{"line":108,"column":7}},"55":{"start":{"line":110,"column":4},"end":{"line":110,"column":49}},"56":{"start":{"line":111,"column":4},"end":{"line":111,"column":63}},"57":{"start":{"line":75,"column":13},"end":{"line":75,"column":26}}},"fnMap":{"0":{"name":"(anonymous_1)","decl":{"start":{"line":4,"column":26},"end":{"line":4,"column":31}},"loc":{"start":{"line":4,"column":79},"end":{"line":34,"column":1}}},"1":{"name":"(anonymous_2)","decl":{"start":{"line":36,"column":25},"end":{"line":36,"column":30}},"loc":{"start":{"line":36,"column":78},"end":{"line":52,"column":1}}},"2":{"name":"(anonymous_3)","decl":{"start":{"line":42,"column":23},"end":{"line":42,"column":24}},"loc":{"start":{"line":42,"column":34},"end":{"line":47,"column":6}}},"3":{"name":"(anonymous_4)","decl":{"start":{"line":54,"column":23},"end":{"line":54,"column":28}},"loc":{"start":{"line":54,"column":76},"end":{"line":73,"column":1}}},"4":{"name":"(anonymous_5)","decl":{"start":{"line":75,"column":26},"end":{"line":75,"column":31}},"loc":{"start":{"line":75,"column":79},"end":{"line":113,"column":1}}}},"branchMap":{"0":{"loc":{"start":{"line":8,"column":4},"end":{"line":11,"column":5}},"type":"if","locations":[{"start":{"line":8,"column":4},"end":{"line":11,"column":5}}]},"1":{"loc":{"start":{"line":13,"column":4},"end":{"line":16,"column":5}},"type":"if","locations":[{"start":{"line":13,"column":4},"end":{"line":16,"column":5}}]},"2":{"loc":{"start":{"line":39,"column":18},"end":{"line":39,"column":49}},"type":"cond-expr","locations":[{"start":{"line":39,"column":27},"end":{"line":39,"column":44}},{"start":{"line":39,"column":47},"end":{"line":39,"column":49}}]},"3":{"loc":{"start":{"line":58,"column":4},"end":{"line":61,"column":5}},"type":"if","locations":[{"start":{"line":58,"column":4},"end":{"line":61,"column":5}}]},"4":{"loc":{"start":{"line":77,"column":4},"end":{"line":80,"column":5}},"type":"if","locations":[{"start":{"line":77,"column":4},"end":{"line":80,"column":5}}]},"5":{"loc":{"start":{"line":84,"column":4},"end":{"line":87,"column":5}},"type":"if","locations":[{"start":{"line":84,"column":4},"end":{"line":87,"column":5}}]},"6":{"loc":{"start":{"line":89,"column":4},"end":{"line":92,"column":5}},"type":"if","locations":[{"start":{"line":89,"column":4},"end":{"line":92,"column":5}}]},"7":{"loc":{"start":{"line":95,"column":4},"end":{"line":98,"column":5}},"type":"if","locations":[{"start":{"line":95,"column":4},"end":{"line":98,"column":5}}]}},"s":{"0":2,"1":2,"2":34,"3":34,"4":34,"5":1,"6":1,"7":33,"8":0,"9":0,"10":33,"11":33,"12":33,"13":0,"14":0,"15":2,"16":2,"17":15,"18":15,"19":15,"20":15,"21":15,"22":6,"23":0,"24":0,"25":2,"26":2,"27":3,"28":3,"29":2,"30":1,"31":1,"32":1,"33":1,"34":1,"35":2,"36":2,"37":3,"38":3,"39":0,"40":0,"41":3,"42":3,"43":0,"44":0,"45":3,"46":1,"47":1,"48":2,"49":2,"50":1,"51":1,"52":1,"53":1,"54":1,"55":0,"56":0,"57":2},"f":{"0":34,"1":15,"2":6,"3":3,"4":3},"b":{"0":[1],"1":[0],"2":[2,13],"3":[1],"4":[0],"5":[0],"6":[1],"7":[1]}}
,"C:\\Users\\shavi\\Interent-SecondAssignment\\src\\controllers\\usersController.ts": {"path":"C:\\Users\\shavi\\Interent-SecondAssignment\\src\\controllers\\usersController.ts","statementMap":{"0":{"start":{"line":2,"column":0},"end":{"line":2,"column":30}},"1":{"start":{"line":3,"column":0},"end":{"line":3,"column":28}},"2":{"start":{"line":4,"column":0},"end":{"line":4,"column":45}},"3":{"start":{"line":5,"column":0},"end":{"line":5,"column":40}},"4":{"start":{"line":14,"column":28},"end":{"line":19,"column":2}},"5":{"start":{"line":14,"column":61},"end":{"line":19,"column":2}},"6":{"start":{"line":14,"column":13},"end":{"line":14,"column":28}},"7":{"start":{"line":21,"column":24},"end":{"line":54,"column":1}},"8":{"start":{"line":22,"column":2},"end":{"line":53,"column":3}},"9":{"start":{"line":23,"column":42},"end":{"line":23,"column":50}},"10":{"start":{"line":25,"column":4},"end":{"line":28,"column":5}},"11":{"start":{"line":26,"column":6},"end":{"line":26,"column":85}},"12":{"start":{"line":27,"column":6},"end":{"line":27,"column":13}},"13":{"start":{"line":30,"column":25},"end":{"line":30,"column":79}},"14":{"start":{"line":31,"column":4},"end":{"line":38,"column":5}},"15":{"start":{"line":32,"column":6},"end":{"line":36,"column":7}},"16":{"start":{"line":33,"column":8},"end":{"line":33,"column":70}},"17":{"start":{"line":35,"column":8},"end":{"line":35,"column":68}},"18":{"start":{"line":37,"column":6},"end":{"line":37,"column":13}},"19":{"start":{"line":40,"column":25},"end":{"line":40,"column":56}},"20":{"start":{"line":42,"column":17},"end":{"line":46,"column":6}},"21":{"start":{"line":48,"column":4},"end":{"line":48,"column":22}},"22":{"start":{"line":49,"column":4},"end":{"line":49,"column":45}},"23":{"start":{"line":51,"column":4},"end":{"line":51,"column":47}},"24":{"start":{"line":52,"column":4},"end":{"line":52,"column":63}},"25":{"start":{"line":21,"column":13},"end":{"line":21,"column":24}},"26":{"start":{"line":56,"column":21},"end":{"line":89,"column":1}},"27":{"start":{"line":57,"column":2},"end":{"line":88,"column":3}},"28":{"start":{"line":58,"column":32},"end":{"line":58,"column":40}},"29":{"start":{"line":59,"column":17},"end":{"line":59,"column":46}},"30":{"start":{"line":61,"column":4},"end":{"line":64,"column":5}},"31":{"start":{"line":62,"column":6},"end":{"line":62,"column":63}},"32":{"start":{"line":63,"column":6},"end":{"line":63,"column":13}},"33":{"start":{"line":66,"column":15},"end":{"line":66,"column":64}},"34":{"start":{"line":67,"column":4},"end":{"line":70,"column":5}},"35":{"start":{"line":68,"column":6},"end":{"line":68,"column":63}},"36":{"start":{"line":69,"column":6},"end":{"line":69,"column":13}},"37":{"start":{"line":72,"column":24},"end":{"line":72,"column":43}},"38":{"start":{"line":73,"column":25},"end":{"line":73,"column":44}},"39":{"start":{"line":74,"column":22},"end":{"line":74,"column":59}},"40":{"start":{"line":76,"column":20},"end":{"line":81,"column":6}},"41":{"start":{"line":82,"column":4},"end":{"line":82,"column":25}},"42":{"start":{"line":84,"column":4},"end":{"line":84,"column":70}},"43":{"start":{"line":86,"column":4},"end":{"line":86,"column":44}},"44":{"start":{"line":87,"column":4},"end":{"line":87,"column":63}},"45":{"start":{"line":56,"column":13},"end":{"line":56,"column":21}},"46":{"start":{"line":91,"column":22},"end":{"line":101,"column":1}},"47":{"start":{"line":92,"column":2},"end":{"line":100,"column":3}},"48":{"start":{"line":93,"column":4},"end":{"line":95,"column":5}},"49":{"start":{"line":94,"column":6},"end":{"line":94,"column":72}},"50":{"start":{"line":96,"column":4},"end":{"line":96,"column":27}},"51":{"start":{"line":98,"column":4},"end":{"line":98,"column":45}},"52":{"start":{"line":99,"column":4},"end":{"line":99,"column":63}},"53":{"start":{"line":91,"column":13},"end":{"line":91,"column":22}},"54":{"start":{"line":103,"column":23},"end":{"line":127,"column":1}},"55":{"start":{"line":104,"column":2},"end":{"line":126,"column":3}},"56":{"start":{"line":105,"column":29},"end":{"line":105,"column":37}},"57":{"start":{"line":107,"column":4},"end":{"line":110,"column":5}},"58":{"start":{"line":108,"column":6},"end":{"line":108,"column":68}},"59":{"start":{"line":109,"column":6},"end":{"line":109,"column":13}},"60":{"start":{"line":112,"column":20},"end":{"line":112,"column":59}},"61":{"start":{"line":113,"column":4},"end":{"line":116,"column":5}},"62":{"start":{"line":114,"column":6},"end":{"line":114,"column":65}},"63":{"start":{"line":115,"column":6},"end":{"line":115,"column":13}},"64":{"start":{"line":118,"column":4},"end":{"line":118,"column":46}},"65":{"start":{"line":119,"column":4},"end":{"line":119,"column":62}},"66":{"start":{"line":120,"column":4},"end":{"line":120,"column":25}},"67":{"start":{"line":122,"column":4},"end":{"line":122,"column":51}},"68":{"start":{"line":124,"column":4},"end":{"line":124,"column":46}},"69":{"start":{"line":125,"column":4},"end":{"line":125,"column":63}},"70":{"start":{"line":103,"column":13},"end":{"line":103,"column":23}},"71":{"start":{"line":129,"column":23},"end":{"line":135,"column":1}},"72":{"start":{"line":130,"column":2},"end":{"line":134,"column":3}},"73":{"start":{"line":131,"column":4},"end":{"line":131,"column":37}},"74":{"start":{"line":133,"column":4},"end":{"line":133,"column":54}},"75":{"start":{"line":129,"column":13},"end":{"line":129,"column":23}},"76":{"start":{"line":137,"column":29},"end":{"line":172,"column":1}},"77":{"start":{"line":138,"column":2},"end":{"line":171,"column":3}},"78":{"start":{"line":139,"column":4},"end":{"line":142,"column":5}},"79":{"start":{"line":140,"column":6},"end":{"line":140,"column":56}},"80":{"start":{"line":141,"column":6},"end":{"line":141,"column":13}},"81":{"start":{"line":144,"column":42},"end":{"line":144,"column":50}},"82":{"start":{"line":146,"column":4},"end":{"line":152,"column":5}},"83":{"start":{"line":147,"column":23},"end":{"line":147,"column":52}},"84":{"start":{"line":148,"column":6},"end":{"line":151,"column":7}},"85":{"start":{"line":149,"column":8},"end":{"line":149,"column":70}},"86":{"start":{"line":150,"column":8},"end":{"line":150,"column":15}},"87":{"start":{"line":154,"column":4},"end":{"line":160,"column":5}},"88":{"start":{"line":155,"column":23},"end":{"line":155,"column":55}},"89":{"start":{"line":156,"column":6},"end":{"line":159,"column":7}},"90":{"start":{"line":157,"column":8},"end":{"line":157,"column":68}},"91":{"start":{"line":158,"column":8},"end":{"line":158,"column":15}},"92":{"start":{"line":162,"column":4},"end":{"line":162,"column":38}},"93":{"start":{"line":162,"column":15},"end":{"line":162,"column":38}},"94":{"start":{"line":163,"column":4},"end":{"line":163,"column":67}},"95":{"start":{"line":163,"column":38},"end":{"line":163,"column":67}},"96":{"start":{"line":164,"column":4},"end":{"line":164,"column":74}},"97":{"start":{"line":164,"column":18},"end":{"line":164,"column":74}},"98":{"start":{"line":166,"column":4},"end":{"line":166,"column":26}},"99":{"start":{"line":167,"column":4},"end":{"line":167,"column":37}},"100":{"start":{"line":169,"column":4},"end":{"line":169,"column":52}},"101":{"start":{"line":170,"column":4},"end":{"line":170,"column":63}},"102":{"start":{"line":137,"column":13},"end":{"line":137,"column":29}},"103":{"start":{"line":174,"column":29},"end":{"line":188,"column":1}},"104":{"start":{"line":175,"column":2},"end":{"line":187,"column":3}},"105":{"start":{"line":176,"column":4},"end":{"line":179,"column":5}},"106":{"start":{"line":177,"column":6},"end":{"line":177,"column":56}},"107":{"start":{"line":178,"column":6},"end":{"line":178,"column":13}},"108":{"start":{"line":181,"column":4},"end":{"line":181,"column":48}},"109":{"start":{"line":182,"column":4},"end":{"line":182,"column":55}},"110":{"start":{"line":183,"column":4},"end":{"line":183,"column":27}},"111":{"start":{"line":185,"column":4},"end":{"line":185,"column":52}},"112":{"start":{"line":186,"column":4},"end":{"line":186,"column":63}},"113":{"start":{"line":174,"column":13},"end":{"line":174,"column":29}},"114":{"start":{"line":190,"column":23},"end":{"line":204,"column":1}},"115":{"start":{"line":191,"column":2},"end":{"line":203,"column":3}},"116":{"start":{"line":192,"column":17},"end":{"line":192,"column":51}},"117":{"start":{"line":194,"column":4},"end":{"line":197,"column":5}},"118":{"start":{"line":195,"column":6},"end":{"line":195,"column":58}},"119":{"start":{"line":196,"column":6},"end":{"line":196,"column":13}},"120":{"start":{"line":199,"column":4},"end":{"line":199,"column":33}},"121":{"start":{"line":201,"column":4},"end":{"line":201,"column":46}},"122":{"start":{"line":202,"column":4},"end":{"line":202,"column":63}},"123":{"start":{"line":190,"column":13},"end":{"line":190,"column":23}}},"fnMap":{"0":{"name":"(anonymous_1)","decl":{"start":{"line":14,"column":28},"end":{"line":14,"column":29}},"loc":{"start":{"line":14,"column":61},"end":{"line":19,"column":2}}},"1":{"name":"(anonymous_2)","decl":{"start":{"line":21,"column":24},"end":{"line":21,"column":29}},"loc":{"start":{"line":21,"column":77},"end":{"line":54,"column":1}}},"2":{"name":"(anonymous_3)","decl":{"start":{"line":56,"column":21},"end":{"line":56,"column":26}},"loc":{"start":{"line":56,"column":74},"end":{"line":89,"column":1}}},"3":{"name":"(anonymous_4)","decl":{"start":{"line":91,"column":22},"end":{"line":91,"column":27}},"loc":{"start":{"line":91,"column":75},"end":{"line":101,"column":1}}},"4":{"name":"(anonymous_5)","decl":{"start":{"line":103,"column":23},"end":{"line":103,"column":28}},"loc":{"start":{"line":103,"column":76},"end":{"line":127,"column":1}}},"5":{"name":"(anonymous_6)","decl":{"start":{"line":129,"column":23},"end":{"line":129,"column":24}},"loc":{"start":{"line":129,"column":61},"end":{"line":135,"column":1}}},"6":{"name":"(anonymous_7)","decl":{"start":{"line":137,"column":29},"end":{"line":137,"column":34}},"loc":{"start":{"line":137,"column":82},"end":{"line":172,"column":1}}},"7":{"name":"(anonymous_8)","decl":{"start":{"line":174,"column":29},"end":{"line":174,"column":34}},"loc":{"start":{"line":174,"column":82},"end":{"line":188,"column":1}}},"8":{"name":"(anonymous_9)","decl":{"start":{"line":190,"column":23},"end":{"line":190,"column":28}},"loc":{"start":{"line":190,"column":76},"end":{"line":204,"column":1}}}},"branchMap":{"0":{"loc":{"start":{"line":25,"column":4},"end":{"line":28,"column":5}},"type":"if","locations":[{"start":{"line":25,"column":4},"end":{"line":28,"column":5}}]},"1":{"loc":{"start":{"line":25,"column":8},"end":{"line":25,"column":40}},"type":"binary-expr","locations":[{"start":{"line":25,"column":8},"end":{"line":25,"column":14}},{"start":{"line":25,"column":18},"end":{"line":25,"column":27}},{"start":{"line":25,"column":31},"end":{"line":25,"column":40}}]},"2":{"loc":{"start":{"line":31,"column":4},"end":{"line":38,"column":5}},"type":"if","locations":[{"start":{"line":31,"column":4},"end":{"line":38,"column":5}}]},"3":{"loc":{"start":{"line":32,"column":6},"end":{"line":36,"column":7}},"type":"if","locations":[{"start":{"line":32,"column":6},"end":{"line":36,"column":7}},{"start":{"line":34,"column":13},"end":{"line":36,"column":7}}]},"4":{"loc":{"start":{"line":61,"column":4},"end":{"line":64,"column":5}},"type":"if","locations":[{"start":{"line":61,"column":4},"end":{"line":64,"column":5}}]},"5":{"loc":{"start":{"line":67,"column":4},"end":{"line":70,"column":5}},"type":"if","locations":[{"start":{"line":67,"column":4},"end":{"line":70,"column":5}}]},"6":{"loc":{"start":{"line":93,"column":4},"end":{"line":95,"column":5}},"type":"if","locations":[{"start":{"line":93,"column":4},"end":{"line":95,"column":5}}]},"7":{"loc":{"start":{"line":107,"column":4},"end":{"line":110,"column":5}},"type":"if","locations":[{"start":{"line":107,"column":4},"end":{"line":110,"column":5}}]},"8":{"loc":{"start":{"line":113,"column":4},"end":{"line":116,"column":5}},"type":"if","locations":[{"start":{"line":113,"column":4},"end":{"line":116,"column":5}}]},"9":{"loc":{"start":{"line":130,"column":2},"end":{"line":134,"column":3}},"type":"if","locations":[{"start":{"line":130,"column":2},"end":{"line":134,"column":3}},{"start":{"line":132,"column":9},"end":{"line":134,"column":3}}]},"10":{"loc":{"start":{"line":139,"column":4},"end":{"line":142,"column":5}},"type":"if","locations":[{"start":{"line":139,"column":4},"end":{"line":142,"column":5}}]},"11":{"loc":{"start":{"line":146,"column":4},"end":{"line":152,"column":5}},"type":"if","locations":[{"start":{"line":146,"column":4},"end":{"line":152,"column":5}}]},"12":{"loc":{"start":{"line":146,"column":8},"end":{"line":146,"column":41}},"type":"binary-expr","locations":[{"start":{"line":146,"column":8},"end":{"line":146,"column":13}},{"start":{"line":146,"column":17},"end":{"line":146,"column":41}}]},"13":{"loc":{"start":{"line":148,"column":6},"end":{"line":151,"column":7}},"type":"if","locations":[{"start":{"line":148,"column":6},"end":{"line":151,"column":7}}]},"14":{"loc":{"start":{"line":154,"column":4},"end":{"line":160,"column":5}},"type":"if","locations":[{"start":{"line":154,"column":4},"end":{"line":160,"column":5}}]},"15":{"loc":{"start":{"line":154,"column":8},"end":{"line":154,"column":50}},"type":"binary-expr","locations":[{"start":{"line":154,"column":8},"end":{"line":154,"column":16}},{"start":{"line":154,"column":20},"end":{"line":154,"column":50}}]},"16":{"loc":{"start":{"line":156,"column":6},"end":{"line":159,"column":7}},"type":"if","locations":[{"start":{"line":156,"column":6},"end":{"line":159,"column":7}}]},"17":{"loc":{"start":{"line":162,"column":4},"end":{"line":162,"column":38}},"type":"if","locations":[{"start":{"line":162,"column":4},"end":{"line":162,"column":38}}]},"18":{"loc":{"start":{"line":163,"column":4},"end":{"line":163,"column":67}},"type":"if","locations":[{"start":{"line":163,"column":4},"end":{"line":163,"column":67}}]},"19":{"loc":{"start":{"line":164,"column":4},"end":{"line":164,"column":74}},"type":"if","locations":[{"start":{"line":164,"column":4},"end":{"line":164,"column":74}}]},"20":{"loc":{"start":{"line":176,"column":4},"end":{"line":179,"column":5}},"type":"if","locations":[{"start":{"line":176,"column":4},"end":{"line":179,"column":5}}]},"21":{"loc":{"start":{"line":194,"column":4},"end":{"line":197,"column":5}},"type":"if","locations":[{"start":{"line":194,"column":4},"end":{"line":197,"column":5}}]}},"s":{"0":2,"1":2,"2":2,"3":2,"4":2,"5":189,"6":2,"7":2,"8":89,"9":89,"10":89,"11":4,"12":4,"13":85,"14":85,"15":2,"16":1,"17":1,"18":2,"19":83,"20":83,"21":83,"22":83,"23":0,"24":0,"25":2,"26":2,"27":86,"28":86,"29":86,"30":86,"31":1,"32":1,"33":85,"34":85,"35":2,"36":2,"37":83,"38":83,"39":83,"40":83,"41":83,"42":83,"43":0,"44":0,"45":2,"46":2,"47":5,"48":5,"49":5,"50":5,"51":0,"52":0,"53":2,"54":2,"55":8,"56":8,"57":8,"58":1,"59":1,"60":7,"61":7,"62":2,"63":2,"64":5,"65":5,"66":5,"67":5,"68":0,"69":0,"70":2,"71":2,"72":13,"73":13,"74":0,"75":2,"76":2,"77":10,"78":10,"79":0,"80":0,"81":10,"82":10,"83":3,"84":3,"85":1,"86":1,"87":9,"88":4,"89":4,"90":1,"91":1,"92":8,"93":3,"94":8,"95":4,"96":8,"97":3,"98":8,"99":8,"100":0,"101":0,"102":2,"103":2,"104":2,"105":2,"106":0,"107":0,"108":2,"109":2,"110":2,"111":0,"112":0,"113":2,"114":2,"115":4,"116":4,"117":3,"118":1,"119":1,"120":2,"121":1,"122":1,"123":2},"f":{"0":189,"1":89,"2":86,"3":5,"4":8,"5":13,"6":10,"7":2,"8":4},"b":{"0":[4],"1":[89,88,87],"2":[2],"3":[1,1],"4":[1],"5":[2],"6":[5],"7":[1],"8":[2],"9":[13,0],"10":[0],"11":[3],"12":[10,4],"13":[1],"14":[4],"15":[9,5],"16":[1],"17":[3],"18":[4],"19":[3],"20":[0],"21":[1]}}
,"C:\\Users\\shavi\\Interent-SecondAssignment\\src\\middleware\\auth.ts": {"path":"C:\\Users\\shavi\\Interent-SecondAssignment\\src\\middleware\\auth.ts","statementMap":{"0":{"start":{"line":2,"column":0},"end":{"line":2,"column":40}},"1":{"start":{"line":16,"column":28},"end":{"line":43,"column":1}},"2":{"start":{"line":17,"column":2},"end":{"line":42,"column":3}},"3":{"start":{"line":18,"column":19},"end":{"line":18,"column":50}},"4":{"start":{"line":19,"column":22},"end":{"line":19,"column":39}},"5":{"start":{"line":21,"column":4},"end":{"line":24,"column":5}},"6":{"start":{"line":22,"column":6},"end":{"line":22,"column":56}},"7":{"start":{"line":23,"column":6},"end":{"line":23,"column":13}},"8":{"start":{"line":26,"column":20},"end":{"line":29,"column":25}},"9":{"start":{"line":31,"column":4},"end":{"line":34,"column":5}},"10":{"start":{"line":32,"column":6},"end":{"line":32,"column":56}},"11":{"start":{"line":33,"column":6},"end":{"line":33,"column":13}},"12":{"start":{"line":36,"column":4},"end":{"line":36,"column":37}},"13":{"start":{"line":37,"column":4},"end":{"line":37,"column":26}},"14":{"start":{"line":38,"column":4},"end":{"line":38,"column":11}},"15":{"start":{"line":40,"column":4},"end":{"line":40,"column":62}},"16":{"start":{"line":41,"column":4},"end":{"line":41,"column":63}},"17":{"start":{"line":16,"column":13},"end":{"line":16,"column":28}}},"fnMap":{"0":{"name":"(anonymous_1)","decl":{"start":{"line":16,"column":28},"end":{"line":16,"column":33}},"loc":{"start":{"line":16,"column":101},"end":{"line":43,"column":1}}}},"branchMap":{"0":{"loc":{"start":{"line":18,"column":19},"end":{"line":18,"column":50}},"type":"binary-expr","locations":[{"start":{"line":18,"column":19},"end":{"line":18,"column":44}},{"start":{"line":18,"column":48},"end":{"line":18,"column":50}}]},"1":{"loc":{"start":{"line":21,"column":4},"end":{"line":24,"column":5}},"type":"if","locations":[{"start":{"line":21,"column":4},"end":{"line":24,"column":5}}]},"2":{"loc":{"start":{"line":31,"column":4},"end":{"line":34,"column":5}},"type":"if","locations":[{"start":{"line":31,"column":4},"end":{"line":34,"column":5}}]}},"s":{"0":2,"1":2,"2":110,"3":110,"4":110,"5":110,"6":12,"7":12,"8":98,"9":98,"10":6,"11":6,"12":92,"13":92,"14":92,"15":0,"16":0,"17":2},"f":{"0":110},"b":{"0":[110,10],"1":[12],"2":[6]}}
,"C:\\Users\\shavi\\Interent-SecondAssignment\\src\\models\\Comment.ts": {"path":"C:\\Users\\shavi\\Interent-SecondAssignment\\src\\models\\Comment.ts","statementMap":{"0":{"start":{"line":1,"column":0},"end":{"line":1,"column":61}},"1":{"start":{"line":11,"column":22},"end":{"line":17,"column":null}},"2":{"start":{"line":20,"column":16},"end":{"line":20,"column":66}},"3":{"start":{"line":22,"column":0},"end":{"line":22,"column":23}}},"fnMap":{},"branchMap":{},"s":{"0":2,"1":2,"2":2,"3":2},"f":{},"b":{}}
,"C:\\Users\\shavi\\Interent-SecondAssignment\\src\\models\\Post.ts": {"path":"C:\\Users\\shavi\\Interent-SecondAssignment\\src\\models\\Post.ts","statementMap":{"0":{"start":{"line":1,"column":0},"end":{"line":1,"column":61}},"1":{"start":{"line":10,"column":19},"end":{"line":15,"column":null}},"2":{"start":{"line":18,"column":13},"end":{"line":18,"column":54}},"3":{"start":{"line":20,"column":0},"end":{"line":20,"column":20}}},"fnMap":{},"branchMap":{},"s":{"0":2,"1":2,"2":2,"3":2},"f":{},"b":{}}
,"C:\\Users\\shavi\\Interent-SecondAssignment\\src\\models\\Session.ts": {"path":"C:\\Users\\shavi\\Interent-SecondAssignment\\src\\models\\Session.ts","statementMap":{"0":{"start":{"line":1,"column":0},"end":{"line":1,"column":61}},"1":{"start":{"line":12,"column":22},"end":{"line":19,"column":null}},"2":{"start":{"line":22,"column":16},"end":{"line":22,"column":66}},"3":{"start":{"line":24,"column":0},"end":{"line":24,"column":23}}},"fnMap":{},"branchMap":{},"s":{"0":2,"1":2,"2":2,"3":2},"f":{},"b":{}}
,"C:\\Users\\shavi\\Interent-SecondAssignment\\src\\models\\User.ts": {"path":"C:\\Users\\shavi\\Interent-SecondAssignment\\src\\models\\User.ts","statementMap":{"0":{"start":{"line":1,"column":0},"end":{"line":1,"column":54}},"1":{"start":{"line":11,"column":19},"end":{"line":17,"column":null}},"2":{"start":{"line":20,"column":13},"end":{"line":20,"column":54}},"3":{"start":{"line":22,"column":0},"end":{"line":22,"column":20}}},"fnMap":{},"branchMap":{},"s":{"0":2,"1":2,"2":2,"3":2},"f":{},"b":{}}
,"C:\\Users\\shavi\\Interent-SecondAssignment\\src\\models\\store.ts": {"path":"C:\\Users\\shavi\\Interent-SecondAssignment\\src\\models\\store.ts","statementMap":{"0":{"start":{"line":8,"column":21},"end":{"line":13,"column":2}},"1":{"start":{"line":8,"column":35},"end":{"line":13,"column":2}},"2":{"start":{"line":15,"column":21},"end":{"line":15,"column":35}},"3":{"start":{"line":24,"column":9},"end":{"line":24,"column":14}},"4":{"start":{"line":17,"column":19},"end":{"line":22,"column":1}},"5":{"start":{"line":18,"column":16},"end":{"line":18,"column":30}},"6":{"start":{"line":19,"column":3},"end":{"line":21,"column":5}},"7":{"start":{"line":20,"column":5},"end":{"line":20,"column":37}},"8":{"start":{"line":24,"column":16},"end":{"line":24,"column":26}}},"fnMap":{"0":{"name":"(anonymous_0)","decl":{"start":{"line":8,"column":21},"end":{"line":8,"column":31}},"loc":{"start":{"line":8,"column":35},"end":{"line":13,"column":2}}},"1":{"name":"(anonymous_1)","decl":{"start":{"line":17,"column":19},"end":{"line":17,"column":28}},"loc":{"start":{"line":17,"column":30},"end":{"line":22,"column":1}}},"2":{"name":"(anonymous_2)","decl":{"start":{"line":19,"column":53},"end":{"line":19,"column":54}},"loc":{"start":{"line":19,"column":61},"end":{"line":21,"column":3}}}},"branchMap":{},"s":{"0":2,"1":2,"2":2,"3":2,"4":2,"5":0,"6":0,"7":0,"8":2},"f":{"0":2,"1":0,"2":0},"b":{}}
,"C:\\Users\\shavi\\Interent-SecondAssignment\\src\\routes\\commentRoutes.ts": {"path":"C:\\Users\\shavi\\Interent-SecondAssignment\\src\\routes\\commentRoutes.ts","statementMap":{"0":{"start":{"line":1,"column":0},"end":{"line":1,"column":30}},"1":{"start":{"line":2,"column":0},"end":{"line":2,"column":null}},"2":{"start":{"line":9,"column":0},"end":{"line":9,"column":50}},"3":{"start":{"line":11,"column":15},"end":{"line":11,"column":31}},"4":{"start":{"line":137,"column":0},"end":{"line":137,"column":53}},"5":{"start":{"line":138,"column":0},"end":{"line":138,"column":47}},"6":{"start":{"line":139,"column":0},"end":{"line":139,"column":64}},"7":{"start":{"line":140,"column":0},"end":{"line":140,"column":67}},"8":{"start":{"line":141,"column":0},"end":{"line":141,"column":43}},"9":{"start":{"line":143,"column":0},"end":{"line":143,"column":22}}},"fnMap":{},"branchMap":{},"s":{"0":2,"1":2,"2":2,"3":2,"4":2,"5":2,"6":2,"7":2,"8":2,"9":2},"f":{},"b":{}}
,"C:\\Users\\shavi\\Interent-SecondAssignment\\src\\routes\\healthRoutes.ts": {"path":"C:\\Users\\shavi\\Interent-SecondAssignment\\src\\routes\\healthRoutes.ts","statementMap":{"0":{"start":{"line":1,"column":0},"end":{"line":1,"column":30}},"1":{"start":{"line":2,"column":0},"end":{"line":2,"column":60}},"2":{"start":{"line":4,"column":15},"end":{"line":4,"column":31}},"3":{"start":{"line":26,"column":0},"end":{"line":26,"column":33}},"4":{"start":{"line":28,"column":0},"end":{"line":28,"column":22}}},"fnMap":{},"branchMap":{},"s":{"0":2,"1":2,"2":2,"3":2,"4":2},"f":{},"b":{}}
,"C:\\Users\\shavi\\Interent-SecondAssignment\\src\\routes\\postRoutes.ts": {"path":"C:\\Users\\shavi\\Interent-SecondAssignment\\src\\routes\\postRoutes.ts","statementMap":{"0":{"start":{"line":1,"column":0},"end":{"line":1,"column":30}},"1":{"start":{"line":2,"column":0},"end":{"line":2,"column":92}},"2":{"start":{"line":3,"column":0},"end":{"line":3,"column":50}},"3":{"start":{"line":5,"column":15},"end":{"line":5,"column":31}},"4":{"start":{"line":102,"column":0},"end":{"line":102,"column":47}},"5":{"start":{"line":103,"column":0},"end":{"line":103,"column":31}},"6":{"start":{"line":104,"column":0},"end":{"line":104,"column":38}},"7":{"start":{"line":105,"column":0},"end":{"line":105,"column":55}},"8":{"start":{"line":107,"column":0},"end":{"line":107,"column":22}}},"fnMap":{},"branchMap":{},"s":{"0":2,"1":2,"2":2,"3":2,"4":2,"5":2,"6":2,"7":2,"8":2},"f":{},"b":{}}
,"C:\\Users\\shavi\\Interent-SecondAssignment\\src\\routes\\userRoutes.ts": {"path":"C:\\Users\\shavi\\Interent-SecondAssignment\\src\\routes\\userRoutes.ts","statementMap":{"0":{"start":{"line":1,"column":0},"end":{"line":1,"column":30}},"1":{"start":{"line":2,"column":0},"end":{"line":2,"column":null}},"2":{"start":{"line":12,"column":0},"end":{"line":12,"column":50}},"3":{"start":{"line":14,"column":15},"end":{"line":14,"column":31}},"4":{"start":{"line":169,"column":0},"end":{"line":169,"column":40}},"5":{"start":{"line":170,"column":0},"end":{"line":170,"column":34}},"6":{"start":{"line":171,"column":0},"end":{"line":171,"column":50}},"7":{"start":{"line":172,"column":0},"end":{"line":172,"column":38}},"8":{"start":{"line":173,"column":0},"end":{"line":173,"column":51}},"9":{"start":{"line":174,"column":0},"end":{"line":174,"column":57}},"10":{"start":{"line":175,"column":0},"end":{"line":175,"column":60}},"11":{"start":{"line":176,"column":0},"end":{"line":176,"column":33}},"12":{"start":{"line":178,"column":0},"end":{"line":178,"column":22}}},"fnMap":{},"branchMap":{},"s":{"0":2,"1":2,"2":2,"3":2,"4":2,"5":2,"6":2,"7":2,"8":2,"9":2,"10":2,"11":2,"12":2},"f":{},"b":{}}
}
