TN:
SF:src\app.ts
FN:116,(anonymous_1)
FN:18,(anonymous_2)
FN:22,(anonymous_3)
FN:112,(anonymous_4)
FNF:4
FNH:3
FNDA:0,(anonymous_1)
FNDA:295,(anonymous_2)
FNDA:295,(anonymous_3)
FNDA:2,(anonymous_4)
DA:1,2
DA:2,2
DA:3,2
DA:4,2
DA:5,2
DA:7,2
DA:8,2
DA:9,2
DA:10,2
DA:11,2
DA:13,2
DA:14,2
DA:15,2
DA:18,2
DA:19,295
DA:20,295
DA:22,295
DA:23,295
DA:24,295
DA:25,295
DA:26,295
DA:29,295
DA:32,2
DA:42,2
DA:50,2
DA:52,2
DA:106,2
DA:107,2
DA:108,2
DA:109,2
DA:112,2
DA:113,2
DA:116,2
LF:33
LH:33
BRF:0
BRH:0
end_of_record
TN:
SF:src\controllers\commentsController.ts
FN:5,(anonymous_1)
FN:46,(anonymous_2)
FN:68,(anonymous_3)
FN:109,(anonymous_4)
FN:136,(anonymous_5)
FN:142,(anonymous_6)
FNF:6
FNH:6
FNDA:21,(anonymous_1)
FNDA:3,(anonymous_2)
FNDA:2,(anonymous_3)
FNDA:2,(anonymous_4)
FNDA:4,(anonymous_5)
FNDA:4,(anonymous_6)
DA:2,2
DA:3,2
DA:5,2
DA:6,21
DA:7,21
DA:9,21
DA:10,3
DA:11,3
DA:14,18
DA:15,0
DA:16,0
DA:19,18
DA:20,18
DA:21,2
DA:22,2
DA:25,16
DA:31,16
DA:33,16
DA:41,0
DA:42,0
DA:46,2
DA:47,3
DA:48,3
DA:50,2
DA:51,1
DA:52,1
DA:55,1
DA:63,1
DA:64,1
DA:68,2
DA:69,2
DA:70,2
DA:71,0
DA:72,0
DA:75,2
DA:77,2
DA:78,0
DA:79,0
DA:82,2
DA:83,1
DA:84,1
DA:87,1
DA:88,1
DA:89,0
DA:90,0
DA:93,1
DA:94,1
DA:96,1
DA:104,0
DA:105,0
DA:109,2
DA:110,2
DA:111,2
DA:112,0
DA:113,0
DA:116,2
DA:118,2
DA:119,0
DA:120,0
DA:123,2
DA:124,1
DA:125,1
DA:128,1
DA:129,1
DA:131,0
DA:132,0
DA:136,2
DA:137,4
DA:138,4
DA:139,4
DA:140,4
DA:142,4
DA:150,0
DA:151,0
LF:74
LH:54
BRDA:9,0,0,3
BRDA:9,1,0,21
BRDA:9,1,1,19
BRDA:14,2,0,0
BRDA:20,3,0,2
BRDA:50,4,0,1
BRDA:70,5,0,0
BRDA:77,6,0,0
BRDA:82,7,0,1
BRDA:88,8,0,0
BRDA:111,9,0,0
BRDA:118,10,0,0
BRDA:123,11,0,1
BRDA:139,12,0,2
BRDA:139,12,1,2
BRF:15
BRH:9
end_of_record
TN:
SF:src\controllers\healthController.ts
FN:3,(anonymous_0)
FNF:1
FNH:1
FNDA:1,(anonymous_0)
DA:3,2
DA:4,1
LF:2
LH:2
BRF:0
BRH:0
end_of_record
TN:
SF:src\controllers\postsController.ts
FN:4,(anonymous_1)
FN:36,(anonymous_2)
FN:42,(anonymous_3)
FN:54,(anonymous_4)
FN:75,(anonymous_5)
FNF:5
FNH:5
FNDA:34,(anonymous_1)
FNDA:15,(anonymous_2)
FNDA:16,(anonymous_3)
FNDA:3,(anonymous_4)
FNDA:3,(anonymous_5)
DA:2,2
DA:4,2
DA:5,34
DA:6,34
DA:8,34
DA:9,1
DA:10,1
DA:13,33
DA:14,0
DA:15,0
DA:18,33
DA:23,33
DA:24,33
DA:31,0
DA:32,0
DA:36,2
DA:37,15
DA:38,15
DA:39,15
DA:40,15
DA:42,16
DA:49,0
DA:50,0
DA:54,2
DA:55,3
DA:56,3
DA:58,2
DA:59,1
DA:60,1
DA:63,1
DA:70,1
DA:71,1
DA:75,2
DA:76,3
DA:77,3
DA:78,0
DA:79,0
DA:82,3
DA:84,3
DA:85,0
DA:86,0
DA:89,3
DA:90,1
DA:91,1
DA:94,2
DA:95,2
DA:96,1
DA:97,1
DA:100,1
DA:101,1
DA:103,1
DA:110,0
DA:111,0
LF:53
LH:41
BRDA:8,0,0,1
BRDA:13,1,0,0
BRDA:39,2,0,2
BRDA:39,2,1,13
BRDA:58,3,0,1
BRDA:77,4,0,0
BRDA:84,5,0,0
BRDA:89,6,0,1
BRDA:95,7,0,1
BRF:9
BRH:6
end_of_record
TN:
SF:src\controllers\usersController.ts
FN:14,(anonymous_1)
FN:21,(anonymous_2)
FN:56,(anonymous_3)
FN:91,(anonymous_4)
FN:103,(anonymous_5)
FN:129,(anonymous_6)
FN:137,(anonymous_7)
FN:174,(anonymous_8)
FN:190,(anonymous_9)
FNF:9
FNH:9
FNDA:161,(anonymous_1)
FNDA:79,(anonymous_2)
FNDA:74,(anonymous_3)
FNDA:5,(anonymous_4)
FNDA:8,(anonymous_5)
FNDA:13,(anonymous_6)
FNDA:2,(anonymous_7)
FNDA:2,(anonymous_8)
FNDA:4,(anonymous_9)
DA:2,2
DA:3,2
DA:4,2
DA:5,2
DA:14,161
DA:21,2
DA:22,79
DA:23,79
DA:25,79
DA:26,4
DA:27,4
DA:30,75
DA:31,75
DA:32,2
DA:33,1
DA:35,1
DA:37,2
DA:40,73
DA:42,73
DA:48,73
DA:49,73
DA:51,0
DA:52,0
DA:56,2
DA:57,74
DA:58,74
DA:59,74
DA:61,74
DA:62,1
DA:63,1
DA:66,73
DA:67,73
DA:68,2
DA:69,2
DA:72,71
DA:73,71
DA:74,71
DA:76,71
DA:82,71
DA:84,71
DA:86,0
DA:87,0
DA:91,2
DA:92,5
DA:93,5
DA:94,5
DA:96,5
DA:98,0
DA:99,0
DA:103,2
DA:104,8
DA:105,8
DA:107,8
DA:108,1
DA:109,1
DA:112,7
DA:113,7
DA:114,2
DA:115,2
DA:118,5
DA:119,5
DA:120,5
DA:122,5
DA:124,0
DA:125,0
DA:129,2
DA:130,13
DA:131,13
DA:133,0
DA:137,2
DA:138,2
DA:139,2
DA:140,0
DA:141,0
DA:144,2
DA:146,2
DA:147,0
DA:148,0
DA:149,0
DA:150,0
DA:154,2
DA:155,1
DA:156,1
DA:157,0
DA:158,0
DA:162,2
DA:163,2
DA:164,2
DA:166,2
DA:167,2
DA:169,0
DA:170,0
DA:174,2
DA:175,2
DA:176,2
DA:177,0
DA:178,0
DA:181,2
DA:182,2
DA:183,2
DA:185,0
DA:186,0
DA:190,2
DA:191,4
DA:192,4
DA:194,3
DA:195,1
DA:196,1
DA:199,2
DA:201,1
DA:202,1
LF:111
LH:88
BRDA:25,0,0,4
BRDA:25,1,0,79
BRDA:25,1,1,78
BRDA:25,1,2,77
BRDA:31,2,0,2
BRDA:32,3,0,1
BRDA:32,3,1,1
BRDA:61,4,0,1
BRDA:67,5,0,2
BRDA:93,6,0,5
BRDA:107,7,0,1
BRDA:113,8,0,2
BRDA:130,9,0,13
BRDA:130,9,1,0
BRDA:139,10,0,0
BRDA:146,11,0,0
BRDA:146,12,0,2
BRDA:146,12,1,0
BRDA:148,13,0,0
BRDA:154,14,0,1
BRDA:154,15,0,2
BRDA:154,15,1,1
BRDA:156,16,0,0
BRDA:162,17,0,0
BRDA:163,18,0,1
BRDA:164,19,0,1
BRDA:176,20,0,0
BRDA:194,21,0,1
BRF:28
BRH:20
end_of_record
TN:
SF:src\middleware\auth.ts
FN:16,(anonymous_1)
FNF:1
FNH:1
FNDA:102,(anonymous_1)
DA:2,2
DA:16,2
DA:17,102
DA:18,102
DA:19,102
DA:21,102
DA:22,12
DA:23,12
DA:26,90
DA:31,90
DA:32,6
DA:33,6
DA:36,84
DA:37,84
DA:38,84
DA:40,0
DA:41,0
LF:17
LH:15
BRDA:18,0,0,102
BRDA:18,0,1,10
BRDA:21,1,0,12
BRDA:31,2,0,6
BRF:4
BRH:4
end_of_record
TN:
SF:src\models\Comment.ts
FNF:0
FNH:0
DA:1,2
DA:11,2
DA:20,2
DA:22,2
LF:4
LH:4
BRF:0
BRH:0
end_of_record
TN:
SF:src\models\Post.ts
FNF:0
FNH:0
DA:1,2
DA:10,2
DA:18,2
DA:20,2
LF:4
LH:4
BRF:0
BRH:0
end_of_record
TN:
SF:src\models\Session.ts
FNF:0
FNH:0
DA:1,2
DA:12,2
DA:22,2
DA:24,2
LF:4
LH:4
BRF:0
BRH:0
end_of_record
TN:
SF:src\models\User.ts
FNF:0
FNH:0
DA:1,2
DA:11,2
DA:20,2
DA:22,2
LF:4
LH:4
BRF:0
BRH:0
end_of_record
TN:
SF:src\models\store.ts
FN:8,(anonymous_0)
FN:17,(anonymous_1)
FN:19,(anonymous_2)
FNF:3
FNH:1
FNDA:2,(anonymous_0)
FNDA:0,(anonymous_1)
FNDA:0,(anonymous_2)
DA:8,2
DA:15,2
DA:17,2
DA:18,0
DA:19,0
DA:20,0
DA:24,2
LF:7
LH:4
BRF:0
BRH:0
end_of_record
TN:
SF:src\routes\commentRoutes.ts
FNF:0
FNH:0
DA:1,2
DA:2,2
DA:9,2
DA:11,2
DA:137,2
DA:138,2
DA:139,2
DA:140,2
DA:141,2
DA:143,2
LF:10
LH:10
BRF:0
BRH:0
end_of_record
TN:
SF:src\routes\healthRoutes.ts
FNF:0
FNH:0
DA:1,2
DA:2,2
DA:4,2
DA:26,2
DA:28,2
LF:5
LH:5
BRF:0
BRH:0
end_of_record
TN:
SF:src\routes\postRoutes.ts
FNF:0
FNH:0
DA:1,2
DA:2,2
DA:3,2
DA:5,2
DA:102,2
DA:103,2
DA:104,2
DA:105,2
DA:107,2
LF:9
LH:9
BRF:0
BRH:0
end_of_record
TN:
SF:src\routes\userRoutes.ts
FNF:0
FNH:0
DA:1,2
DA:2,2
DA:12,2
DA:14,2
DA:169,2
DA:170,2
DA:171,2
DA:172,2
DA:173,2
DA:174,2
DA:175,2
DA:176,2
DA:178,2
LF:13
LH:13
BRF:0
BRH:0
end_of_record
