TN:
SF:src\app.ts
FN:116,(anonymous_1)
FN:18,(anonymous_2)
FN:22,(anonymous_3)
FN:112,(anonymous_4)
FNF:4
FNH:3
FNDA:0,(anonymous_1)
FNDA:407,(anonymous_2)
FNDA:407,(anonymous_3)
FNDA:2,(anonymous_4)
DA:1,2
DA:2,2
DA:3,2
DA:4,2
DA:5,2
DA:7,2
DA:8,2
DA:9,2
DA:10,2
DA:11,2
DA:13,2
DA:14,2
DA:15,2
DA:18,2
DA:19,407
DA:20,407
DA:22,407
DA:23,407
DA:24,407
DA:25,407
DA:26,407
DA:29,407
DA:32,2
DA:42,2
DA:50,2
DA:52,2
DA:106,2
DA:107,2
DA:108,2
DA:109,2
DA:112,2
DA:113,2
DA:116,2
LF:33
LH:33
BRF:0
BRH:0
end_of_record
TN:
SF:src\controllers\commentsController.ts
FN:5,(anonymous_1)
FN:46,(anonymous_2)
FN:68,(anonymous_3)
FN:109,(anonymous_4)
FN:136,(anonymous_5)
FN:142,(anonymous_6)
FNF:6
FNH:6
FNDA:32,(anonymous_1)
FNDA:4,(anonymous_2)
FNDA:5,(anonymous_3)
FNDA:4,(anonymous_4)
FNDA:7,(anonymous_5)
FNDA:10,(anonymous_6)
DA:2,2
DA:3,2
DA:5,2
DA:6,32
DA:7,32
DA:9,32
DA:10,3
DA:11,3
DA:14,29
DA:15,0
DA:16,0
DA:19,29
DA:20,29
DA:21,2
DA:22,2
DA:25,27
DA:31,27
DA:33,27
DA:41,0
DA:42,0
DA:46,2
DA:47,4
DA:48,4
DA:50,3
DA:51,2
DA:52,2
DA:55,1
DA:63,1
DA:64,1
DA:68,2
DA:69,5
DA:70,5
DA:71,0
DA:72,0
DA:75,5
DA:77,5
DA:78,1
DA:79,1
DA:82,4
DA:83,2
DA:84,2
DA:87,2
DA:88,2
DA:89,1
DA:90,1
DA:93,1
DA:94,1
DA:96,1
DA:104,0
DA:105,0
DA:109,2
DA:110,4
DA:111,4
DA:112,0
DA:113,0
DA:116,4
DA:118,4
DA:119,1
DA:120,1
DA:123,3
DA:124,2
DA:125,2
DA:128,1
DA:129,1
DA:131,0
DA:132,0
DA:136,2
DA:137,7
DA:138,7
DA:139,7
DA:140,7
DA:142,10
DA:150,0
DA:151,0
LF:74
LH:60
BRDA:9,0,0,3
BRDA:9,1,0,32
BRDA:9,1,1,30
BRDA:14,2,0,0
BRDA:20,3,0,2
BRDA:50,4,0,2
BRDA:70,5,0,0
BRDA:77,6,0,1
BRDA:82,7,0,2
BRDA:88,8,0,1
BRDA:111,9,0,0
BRDA:118,10,0,1
BRDA:123,11,0,2
BRDA:139,12,0,4
BRDA:139,12,1,3
BRF:15
BRH:12
end_of_record
TN:
SF:src\controllers\healthController.ts
FN:3,(anonymous_0)
FNF:1
FNH:1
FNDA:1,(anonymous_0)
DA:3,2
DA:4,1
LF:2
LH:2
BRF:0
BRH:0
end_of_record
TN:
SF:src\controllers\postsController.ts
FN:4,(anonymous_1)
FN:36,(anonymous_2)
FN:42,(anonymous_3)
FN:54,(anonymous_4)
FN:75,(anonymous_5)
FNF:5
FNH:5
FNDA:48,(anonymous_1)
FNDA:16,(anonymous_2)
FNDA:8,(anonymous_3)
FNDA:3,(anonymous_4)
FNDA:5,(anonymous_5)
DA:2,2
DA:4,2
DA:5,48
DA:6,48
DA:8,48
DA:9,1
DA:10,1
DA:13,47
DA:14,0
DA:15,0
DA:18,47
DA:23,47
DA:24,47
DA:31,0
DA:32,0
DA:36,2
DA:37,16
DA:38,16
DA:39,16
DA:40,16
DA:42,16
DA:49,0
DA:50,0
DA:54,2
DA:55,3
DA:56,3
DA:58,2
DA:59,1
DA:60,1
DA:63,1
DA:70,1
DA:71,1
DA:75,2
DA:76,5
DA:77,5
DA:78,0
DA:79,0
DA:82,5
DA:84,5
DA:85,1
DA:86,1
DA:89,4
DA:90,2
DA:91,2
DA:94,2
DA:95,2
DA:96,1
DA:97,1
DA:100,1
DA:101,1
DA:103,1
DA:110,0
DA:111,0
LF:53
LH:43
BRDA:8,0,0,1
BRDA:13,1,0,0
BRDA:39,2,0,2
BRDA:39,2,1,14
BRDA:58,3,0,1
BRDA:77,4,0,0
BRDA:84,5,0,1
BRDA:89,6,0,2
BRDA:95,7,0,1
BRF:9
BRH:7
end_of_record
TN:
SF:src\controllers\usersController.ts
FN:14,(anonymous_1)
FN:21,(anonymous_2)
FN:56,(anonymous_3)
FN:91,(anonymous_4)
FN:103,(anonymous_5)
FN:129,(anonymous_6)
FN:137,(anonymous_7)
FN:174,(anonymous_8)
FN:190,(anonymous_9)
FNF:9
FNH:9
FNDA:230,(anonymous_1)
FNDA:109,(anonymous_2)
FNDA:106,(anonymous_3)
FNDA:5,(anonymous_4)
FNDA:8,(anonymous_5)
FNDA:13,(anonymous_6)
FNDA:11,(anonymous_7)
FNDA:2,(anonymous_8)
FNDA:4,(anonymous_9)
DA:2,2
DA:3,2
DA:4,2
DA:5,2
DA:14,230
DA:21,2
DA:22,109
DA:23,109
DA:25,109
DA:26,4
DA:27,4
DA:30,105
DA:31,105
DA:32,2
DA:33,1
DA:35,1
DA:37,2
DA:40,103
DA:42,103
DA:48,103
DA:49,103
DA:51,0
DA:52,0
DA:56,2
DA:57,106
DA:58,106
DA:59,106
DA:61,106
DA:62,1
DA:63,1
DA:66,105
DA:67,105
DA:68,2
DA:69,2
DA:72,103
DA:73,103
DA:74,103
DA:76,103
DA:82,103
DA:84,103
DA:86,0
DA:87,0
DA:91,2
DA:92,5
DA:93,5
DA:94,5
DA:96,5
DA:98,0
DA:99,0
DA:103,2
DA:104,8
DA:105,8
DA:107,8
DA:108,1
DA:109,1
DA:112,7
DA:113,7
DA:114,2
DA:115,2
DA:118,5
DA:119,5
DA:120,5
DA:122,5
DA:124,0
DA:125,0
DA:129,2
DA:130,13
DA:131,13
DA:133,0
DA:137,2
DA:138,11
DA:139,11
DA:140,0
DA:141,0
DA:144,11
DA:146,11
DA:147,3
DA:148,3
DA:149,1
DA:150,1
DA:154,10
DA:155,4
DA:156,4
DA:157,1
DA:158,1
DA:162,9
DA:163,9
DA:164,9
DA:166,9
DA:167,9
DA:169,0
DA:170,0
DA:174,2
DA:175,2
DA:176,2
DA:177,0
DA:178,0
DA:181,2
DA:182,2
DA:183,2
DA:185,0
DA:186,0
DA:190,2
DA:191,4
DA:192,4
DA:194,3
DA:195,1
DA:196,1
DA:199,2
DA:201,1
DA:202,1
LF:111
LH:94
BRDA:25,0,0,4
BRDA:25,1,0,109
BRDA:25,1,1,108
BRDA:25,1,2,107
BRDA:31,2,0,2
BRDA:32,3,0,1
BRDA:32,3,1,1
BRDA:61,4,0,1
BRDA:67,5,0,2
BRDA:93,6,0,5
BRDA:107,7,0,1
BRDA:113,8,0,2
BRDA:130,9,0,13
BRDA:130,9,1,0
BRDA:139,10,0,0
BRDA:146,11,0,3
BRDA:146,12,0,11
BRDA:146,12,1,4
BRDA:148,13,0,1
BRDA:154,14,0,4
BRDA:154,15,0,10
BRDA:154,15,1,5
BRDA:156,16,0,1
BRDA:162,17,0,3
BRDA:163,18,0,4
BRDA:164,19,0,3
BRDA:176,20,0,0
BRDA:194,21,0,1
BRF:28
BRH:25
end_of_record
TN:
SF:src\middleware\auth.ts
FN:16,(anonymous_1)
FNF:1
FNH:1
FNDA:147,(anonymous_1)
DA:2,2
DA:16,2
DA:17,147
DA:18,147
DA:19,147
DA:21,147
DA:22,16
DA:23,16
DA:26,131
DA:31,131
DA:32,6
DA:33,6
DA:36,125
DA:37,125
DA:38,125
DA:40,0
DA:41,0
LF:17
LH:15
BRDA:18,0,0,147
BRDA:18,0,1,14
BRDA:21,1,0,16
BRDA:31,2,0,6
BRF:4
BRH:4
end_of_record
TN:
SF:src\models\Comment.ts
FNF:0
FNH:0
DA:1,2
DA:11,2
DA:20,2
DA:22,2
LF:4
LH:4
BRF:0
BRH:0
end_of_record
TN:
SF:src\models\Post.ts
FNF:0
FNH:0
DA:1,2
DA:10,2
DA:18,2
DA:20,2
LF:4
LH:4
BRF:0
BRH:0
end_of_record
TN:
SF:src\models\Session.ts
FNF:0
FNH:0
DA:1,2
DA:12,2
DA:22,2
DA:24,2
LF:4
LH:4
BRF:0
BRH:0
end_of_record
TN:
SF:src\models\User.ts
FNF:0
FNH:0
DA:1,2
DA:11,2
DA:20,2
DA:22,2
LF:4
LH:4
BRF:0
BRH:0
end_of_record
TN:
SF:src\models\store.ts
FN:8,(anonymous_0)
FN:17,(anonymous_1)
FN:19,(anonymous_2)
FNF:3
FNH:1
FNDA:2,(anonymous_0)
FNDA:0,(anonymous_1)
FNDA:0,(anonymous_2)
DA:8,2
DA:15,2
DA:17,2
DA:18,0
DA:19,0
DA:20,0
DA:24,2
LF:7
LH:4
BRF:0
BRH:0
end_of_record
TN:
SF:src\routes\commentRoutes.ts
FNF:0
FNH:0
DA:1,2
DA:2,2
DA:9,2
DA:11,2
DA:137,2
DA:138,2
DA:139,2
DA:140,2
DA:141,2
DA:143,2
LF:10
LH:10
BRF:0
BRH:0
end_of_record
TN:
SF:src\routes\healthRoutes.ts
FNF:0
FNH:0
DA:1,2
DA:2,2
DA:4,2
DA:26,2
DA:28,2
LF:5
LH:5
BRF:0
BRH:0
end_of_record
TN:
SF:src\routes\postRoutes.ts
FNF:0
FNH:0
DA:1,2
DA:2,2
DA:3,2
DA:5,2
DA:102,2
DA:103,2
DA:104,2
DA:105,2
DA:107,2
LF:9
LH:9
BRF:0
BRH:0
end_of_record
TN:
SF:src\routes\userRoutes.ts
FNF:0
FNH:0
DA:1,2
DA:2,2
DA:12,2
DA:14,2
DA:169,2
DA:170,2
DA:171,2
DA:172,2
DA:173,2
DA:174,2
DA:175,2
DA:176,2
DA:178,2
LF:13
LH:13
BRF:0
BRH:0
end_of_record
